<?xml version="1.0" encoding="UTF-8"?>
<!-- Generated by org.testng.reporters.JUnitXMLReporter -->
<testsuite ignored="4" hostname="FFE-Govardhan-Reddy-A" failures="1" tests="4" name="batch execution" time="14.79" errors="0" timestamp="2025-10-28T15:17:32 IST">
  <testcase classname="com.ninja.crm.products.CreateProductTest" name="createProductWithMandatoryfieldTest" time="2.553"/>
  <testcase classname="com.ninja.crm.campaigns.CreateCampaignsTest" name="createCampaignsWithExpectedDateTest" time="1.412"/>
  <testcase classname="com.ninja.crm.campaigns.CreateCampaignsTest" name="createCampaignsWithMandatoryFieldsTest" time="1.262">
    <failure type="java.lang.AssertionError" message="The following asserts failed:
	expected [false] but found [true]">
      <![CDATA[java.lang.AssertionError: The following asserts failed:
expected [false] but found [true]
at com.ninja.crm.campaigns.CreateCampaignsTest.createCampaignsWithMandatoryFieldsTest(CreateCampaignsTest.java:60)
at java.base/java.util.ArrayList.forEach(ArrayList.java:1511)
... Removed 29 stack frames]]>
    </failure>
  </testcase> <!-- createCampaignsWithMandatoryFieldsTest -->
  <testcase classname="com.ninja.crm.campaigns.CreateCampaignsTest" name="createCampaignsWithStatusTest" time="1.368"/>
  <testcase classname="com.ninja.crm.generic.baseclassUtility.BaseClass" name="@BeforeTest configBT" time="0.0">
    <ignored/>
  </testcase> <!-- @BeforeTest configBT -->
  <testcase classname="com.ninja.crm.generic.baseclassUtility.BaseClass" name="@AfterSuite configAS" time="0.0">
    <ignored/>
  </testcase> <!-- @AfterSuite configAS -->
  <testcase classname="com.ninja.crm.generic.baseclassUtility.BaseClass" name="@AfterTest configAT" time="0.0">
    <ignored/>
  </testcase> <!-- @AfterTest configAT -->
  <testcase classname="com.ninja.crm.generic.baseclassUtility.BaseClass" name="@BeforeSuite configBS" time="0.0">
    <ignored/>
  </testcase> <!-- @BeforeSuite configBS -->
</testsuite> <!-- batch execution -->
