<?xml version="1.0" encoding="UTF-8"?>
<!-- Generated by org.testng.reporters.JUnitXMLReporter -->
<testsuite ignored="4" hostname="FFE-Govardhan-Reddy-A" failures="0" tests="4" name="Batchexecution" time="12.839" errors="0" timestamp="2025-10-25T14:09:48 IST">
  <testcase classname="com.ninja.crm.products.CreateProductTest" name="createProductWithMandatoryfieldTest" time="2.288"/>
  <testcase classname="com.ninja.crm.campaigns.CreateCampaignsTest" name="createCampaignsWithExpectedDateTest" time="1.295"/>
  <testcase classname="com.ninja.crm.campaigns.CreateCampaignsTest" name="createCampaignsWithMandatoryFieldsTest" time="1.183"/>
  <testcase classname="com.ninja.crm.campaigns.CreateCampaignsTest" name="createCampaignsWithStatusTest" time="1.268"/>
  <testcase classname="com.ninja.crm.generic.baseclassUtility.BaseClass" name="@AfterTest configAT" time="0.0">
    <ignored/>
  </testcase> <!-- @AfterTest configAT -->
  <testcase classname="com.ninja.crm.generic.baseclassUtility.BaseClass" name="@BeforeSuite configBS" time="0.0">
    <ignored/>
  </testcase> <!-- @BeforeSuite configBS -->
  <testcase classname="com.ninja.crm.generic.baseclassUtility.BaseClass" name="@BeforeTest configBT" time="0.0">
    <ignored/>
  </testcase> <!-- @BeforeTest configBT -->
  <testcase classname="com.ninja.crm.generic.baseclassUtility.BaseClass" name="@AfterSuite configAS" time="0.0">
    <ignored/>
  </testcase> <!-- @AfterSuite configAS -->
</testsuite> <!-- Batchexecution -->
