<?xml version="1.0" encoding="UTF-8"?>
<!-- Generated by org.testng.reporters.JUnitXMLReporter -->
<testsuite ignored="6" hostname="FFE-Govardhan-Reddy-A" failures="0" tests="2" name="Test" time="11.019" errors="0" timestamp="2025-11-06T10:16:37 IST">
  <testcase classname="com.ninja.crm.products.CreateProductTest" name="createProductWithMandatoryfieldTest" time="2.542"/>
  <testcase classname="com.ninja.crm.campaigns.CreateCampaignsTest" name="createCampaignsWithMandatoryFieldsTest" time="1.389"/>
  <testcase classname="com.ninja.crm.generic.baseclassUtility.BaseClass" name="@AfterTest configAT" time="0.0">
    <ignored/>
  </testcase> <!-- @AfterTest configAT -->
  <testcase classname="com.ninja.crm.campaigns.CreateCampaignsTest" name="createCampaignsWithExpectedDateTest" time="0.0">
    <ignored/>
  </testcase> <!-- createCampaignsWithExpectedDateTest -->
  <testcase classname="com.ninja.crm.generic.baseclassUtility.BaseClass" name="@BeforeTest configBT" time="0.0">
    <ignored/>
  </testcase> <!-- @BeforeTest configBT -->
  <testcase classname="com.ninja.crm.generic.baseclassUtility.BaseClass" name="@AfterSuite configAS" time="0.0">
    <ignored/>
  </testcase> <!-- @AfterSuite configAS -->
  <testcase classname="com.ninja.crm.generic.baseclassUtility.BaseClass" name="@BeforeSuite configBS" time="0.0">
    <ignored/>
  </testcase> <!-- @BeforeSuite configBS -->
  <testcase classname="com.ninja.crm.campaigns.CreateCampaignsTest" name="createCampaignsWithStatusTest" time="0.0">
    <ignored/>
  </testcase> <!-- createCampaignsWithStatusTest -->
</testsuite> <!-- Test -->
