<?xml version="1.0" encoding="UTF-8"?>
<!-- Generated by org.testng.reporters.JUnitXMLReporter -->
<testsuite ignored="6" hostname="FFE-Govardhan-Reddy-A" failures="0" tests="2" name="Test" time="0.086" errors="0" timestamp="2025-11-06T10:09:28 IST">
  <testcase classname="com.ninja.crm.generic.baseclassUtility.BaseClass" name="@BeforeClass configBC" time="0.001">
    <failure type="java.lang.NullPointerException" message="Cannot invoke &amp;quot;String.equalsIgnoreCase(String)&amp;quot; because &amp;quot;BROWSER&amp;quot; is null">
      <![CDATA[java.lang.NullPointerException: Cannot invoke "String.equalsIgnoreCase(String)" because "BROWSER" is null
at com.ninja.crm.generic.baseclassUtility.BaseClass.configBC(BaseClass.java:56)
at java.base/java.util.ArrayList.forEach(ArrayList.java:1511)
... Removed 25 stack frames]]>
    </failure>
  </testcase> <!-- @BeforeClass configBC -->
  <testcase classname="com.ninja.crm.generic.baseclassUtility.BaseClass" name="@BeforeMethod configBM" time="0.0">
    <skipped/>
  </testcase> <!-- @BeforeMethod configBM -->
  <testcase classname="com.ninja.crm.generic.baseclassUtility.BaseClass" name="@AfterMethod configAM" time="0.0">
    <skipped/>
  </testcase> <!-- @AfterMethod configAM -->
  <testcase classname="com.ninja.crm.generic.baseclassUtility.BaseClass" name="@AfterClass configAC" time="0.0">
    <skipped/>
  </testcase> <!-- @AfterClass configAC -->
  <testcase classname="com.ninja.crm.generic.baseclassUtility.BaseClass" name="@BeforeClass configBC" time="0.001">
    <failure type="java.lang.NullPointerException" message="Cannot invoke &amp;quot;String.equalsIgnoreCase(String)&amp;quot; because &amp;quot;BROWSER&amp;quot; is null">
      <![CDATA[java.lang.NullPointerException: Cannot invoke "String.equalsIgnoreCase(String)" because "BROWSER" is null
at com.ninja.crm.generic.baseclassUtility.BaseClass.configBC(BaseClass.java:56)
at java.base/java.util.ArrayList.forEach(ArrayList.java:1511)
... Removed 25 stack frames]]>
    </failure>
  </testcase> <!-- @BeforeClass configBC -->
  <testcase classname="com.ninja.crm.generic.baseclassUtility.BaseClass" name="@BeforeMethod configBM" time="0.0">
    <skipped/>
  </testcase> <!-- @BeforeMethod configBM -->
  <testcase classname="com.ninja.crm.generic.baseclassUtility.BaseClass" name="@AfterMethod configAM" time="0.0">
    <skipped/>
  </testcase> <!-- @AfterMethod configAM -->
  <testcase classname="com.ninja.crm.generic.baseclassUtility.BaseClass" name="@AfterClass configAC" time="0.0">
    <skipped/>
  </testcase> <!-- @AfterClass configAC -->
  <testcase classname="com.ninja.crm.products.CreateProductTest" name="createProductWithMandatoryfieldTest" time="0.0">
    <skipped/>
  </testcase> <!-- createProductWithMandatoryfieldTest -->
  <testcase classname="com.ninja.crm.campaigns.CreateCampaignsTest" name="createCampaignsWithMandatoryFieldsTest" time="0.0">
    <skipped/>
  </testcase> <!-- createCampaignsWithMandatoryFieldsTest -->
  <testcase classname="com.ninja.crm.generic.baseclassUtility.BaseClass" name="@AfterTest configAT" time="0.0">
    <ignored/>
  </testcase> <!-- @AfterTest configAT -->
  <testcase classname="com.ninja.crm.campaigns.CreateCampaignsTest" name="createCampaignsWithExpectedDateTest" time="0.0">
    <ignored/>
  </testcase> <!-- createCampaignsWithExpectedDateTest -->
  <testcase classname="com.ninja.crm.generic.baseclassUtility.BaseClass" name="@BeforeTest configBT" time="0.0">
    <ignored/>
  </testcase> <!-- @BeforeTest configBT -->
  <testcase classname="com.ninja.crm.generic.baseclassUtility.BaseClass" name="@AfterSuite configAS" time="0.0">
    <ignored/>
  </testcase> <!-- @AfterSuite configAS -->
  <testcase classname="com.ninja.crm.generic.baseclassUtility.BaseClass" name="@BeforeSuite configBS" time="0.0">
    <ignored/>
  </testcase> <!-- @BeforeSuite configBS -->
  <testcase classname="com.ninja.crm.campaigns.CreateCampaignsTest" name="createCampaignsWithStatusTest" time="0.0">
    <ignored/>
  </testcase> <!-- createCampaignsWithStatusTest -->
</testsuite> <!-- Test -->
