<?xml version="1.0" encoding="UTF-8"?>
<!-- Generated by org.testng.reporters.JUnitXMLReporter -->
<testsuite ignored="0" hostname="FFE-Govardhan-Reddy-A" failures="0" tests="3" name="Test1" time="22.31" errors="0" timestamp="2025-10-27T09:54:19 IST">
  <testcase classname="com.ninja.crm.campaigns.CreateCampaignsTest" name="createCampaignsWithExpectedDateTest" time="4.709"/>
  <testcase classname="com.ninja.crm.campaigns.CreateCampaignsTest" name="createCampaignsWithMandatoryFieldsTest" time="3.121"/>
  <testcase classname="com.ninja.crm.campaigns.CreateCampaignsTest" name="createCampaignsWithStatusTest" time="2.24"/>
</testsuite> <!-- Test1 -->
