<?xml version="1.0" encoding="UTF-8"?>
<testng-results ignored="0" total="4" passed="3" failed="1" skipped="0">
  <reporter-output>
    <line>
      <![CDATA[successfully connected to Db]]>
    </line>
    <line>
      <![CDATA[precondition ]]>
    </line>
    <line>
      <![CDATA[successfully browser open]]>
    </line>
    <line>
      <![CDATA[successfully login]]>
    </line>
    <line>
      <![CDATA[successfully browser open]]>
    </line>
    <line>
      <![CDATA[successfully login]]>
    </line>
    <line>
      <![CDATA[successfully login]]>
    </line>
    <line>
      <![CDATA[successfully login]]>
    </line>
    <line>
      <![CDATA[post-condition ]]>
    </line>
    <line>
      <![CDATA[successfully closed the Db]]>
    </line>
  </reporter-output>
  <suite started-at="2025-10-28T15:17:17 IST" name="Suite" finished-at="2025-10-28T15:17:32 IST" duration-ms="14790">
    <groups>
      <group name="regression testing">
        <method signature="CreateCampaignsTest.createCampaignsWithExpectedDateTest()[pri:0, instance:com.ninja.crm.campaigns.CreateCampaignsTest@5e2c3d18]" name="createCampaignsWithExpectedDateTest" class="com.ninja.crm.campaigns.CreateCampaignsTest"/>
        <method signature="CreateCampaignsTest.createCampaignsWithStatusTest()[pri:0, instance:com.ninja.crm.campaigns.CreateCampaignsTest@5e2c3d18]" name="createCampaignsWithStatusTest" class="com.ninja.crm.campaigns.CreateCampaignsTest"/>
      </group> <!-- regression testing -->
      <group name="smoketesting">
        <method signature="CreateCampaignsTest.createCampaignsWithMandatoryFieldsTest()[pri:0, instance:com.ninja.crm.campaigns.CreateCampaignsTest@5e2c3d18]" name="createCampaignsWithMandatoryFieldsTest" class="com.ninja.crm.campaigns.CreateCampaignsTest"/>
        <method signature="CreateProductTest.createProductWithMandatoryfieldTest()[pri:0, instance:com.ninja.crm.products.CreateProductTest@909217e]" name="createProductWithMandatoryfieldTest" class="com.ninja.crm.products.CreateProductTest"/>
      </group> <!-- smoketesting -->
    </groups>
    <test started-at="2025-10-28T15:17:17 IST" name="batch execution" finished-at="2025-10-28T15:17:32 IST" duration-ms="14790">
      <class name="com.ninja.crm.products.CreateProductTest">
        <test-method is-config="true" signature="configBS()[pri:0, instance:com.ninja.crm.products.CreateProductTest@909217e]" started-at="2025-10-28T15:17:17 IST" name="configBS" finished-at="2025-10-28T15:17:17 IST" duration-ms="8" status="PASS">
          <reporter-output>
            <line>
              <![CDATA[successfully connected to Db]]>
            </line>
          </reporter-output>
        </test-method> <!-- configBS -->
        <test-method is-config="true" signature="configBT()[pri:0, instance:com.ninja.crm.products.CreateProductTest@909217e]" started-at="2025-10-28T15:17:17 IST" name="configBT" finished-at="2025-10-28T15:17:17 IST" duration-ms="0" status="PASS">
          <reporter-output>
            <line>
              <![CDATA[precondition ]]>
            </line>
          </reporter-output>
        </test-method> <!-- configBT -->
        <test-method is-config="true" signature="configBC()[pri:0, instance:com.ninja.crm.products.CreateProductTest@909217e]" started-at="2025-10-28T15:17:17 IST" name="configBC" finished-at="2025-10-28T15:17:20 IST" duration-ms="2855" status="PASS">
          <reporter-output>
            <line>
              <![CDATA[successfully browser open]]>
            </line>
          </reporter-output>
        </test-method> <!-- configBC -->
        <test-method is-config="true" signature="configBM()[pri:0, instance:com.ninja.crm.products.CreateProductTest@909217e]" started-at="2025-10-28T15:17:20 IST" name="configBM" finished-at="2025-10-28T15:17:21 IST" duration-ms="278" status="PASS">
          <reporter-output>
            <line>
              <![CDATA[successfully login]]>
            </line>
          </reporter-output>
        </test-method> <!-- configBM -->
        <test-method signature="createProductWithMandatoryfieldTest()[pri:0, instance:com.ninja.crm.products.CreateProductTest@909217e]" started-at="2025-10-28T15:17:21 IST" name="createProductWithMandatoryfieldTest" finished-at="2025-10-28T15:17:23 IST" duration-ms="2553" status="PASS">
          <reporter-output>
          </reporter-output>
        </test-method> <!-- createProductWithMandatoryfieldTest -->
        <test-method is-config="true" signature="configAM()[pri:0, instance:com.ninja.crm.products.CreateProductTest@909217e]" started-at="2025-10-28T15:17:23 IST" name="configAM" finished-at="2025-10-28T15:17:23 IST" duration-ms="308" status="PASS">
          <reporter-output>
          </reporter-output>
        </test-method> <!-- configAM -->
        <test-method is-config="true" signature="configAC()[pri:0, instance:com.ninja.crm.products.CreateProductTest@909217e]" started-at="2025-10-28T15:17:23 IST" name="configAC" finished-at="2025-10-28T15:17:24 IST" duration-ms="221" status="PASS">
          <reporter-output>
          </reporter-output>
        </test-method> <!-- configAC -->
        <test-method is-config="true" signature="configAT()[pri:0, instance:com.ninja.crm.products.CreateProductTest@909217e]" started-at="2025-10-28T15:17:32 IST" name="configAT" finished-at="2025-10-28T15:17:32 IST" duration-ms="1" status="PASS">
          <reporter-output>
            <line>
              <![CDATA[post-condition ]]>
            </line>
          </reporter-output>
        </test-method> <!-- configAT -->
        <test-method is-config="true" signature="configAS()[pri:0, instance:com.ninja.crm.products.CreateProductTest@909217e]" started-at="2025-10-28T15:17:32 IST" name="configAS" finished-at="2025-10-28T15:17:32 IST" duration-ms="0" status="PASS">
          <reporter-output>
            <line>
              <![CDATA[successfully closed the Db]]>
            </line>
          </reporter-output>
        </test-method> <!-- configAS -->
      </class> <!-- com.ninja.crm.products.CreateProductTest -->
      <class name="com.ninja.crm.campaigns.CreateCampaignsTest">
        <test-method is-config="true" signature="configBC()[pri:0, instance:com.ninja.crm.campaigns.CreateCampaignsTest@5e2c3d18]" started-at="2025-10-28T15:17:24 IST" name="configBC" finished-at="2025-10-28T15:17:26 IST" duration-ms="1929" status="PASS">
          <reporter-output>
            <line>
              <![CDATA[successfully browser open]]>
            </line>
          </reporter-output>
        </test-method> <!-- configBC -->
        <test-method is-config="true" signature="configBM()[pri:0, instance:com.ninja.crm.campaigns.CreateCampaignsTest@5e2c3d18]" started-at="2025-10-28T15:17:26 IST" name="configBM" finished-at="2025-10-28T15:17:26 IST" duration-ms="286" status="PASS">
          <reporter-output>
            <line>
              <![CDATA[successfully login]]>
            </line>
          </reporter-output>
        </test-method> <!-- configBM -->
        <test-method signature="createCampaignsWithExpectedDateTest()[pri:0, instance:com.ninja.crm.campaigns.CreateCampaignsTest@5e2c3d18]" started-at="2025-10-28T15:17:26 IST" name="createCampaignsWithExpectedDateTest" finished-at="2025-10-28T15:17:27 IST" duration-ms="1412" status="PASS">
          <reporter-output>
          </reporter-output>
        </test-method> <!-- createCampaignsWithExpectedDateTest -->
        <test-method is-config="true" signature="configAM()[pri:0, instance:com.ninja.crm.campaigns.CreateCampaignsTest@5e2c3d18]" started-at="2025-10-28T15:17:27 IST" name="configAM" finished-at="2025-10-28T15:17:28 IST" duration-ms="439" status="PASS">
          <reporter-output>
          </reporter-output>
        </test-method> <!-- configAM -->
        <test-method is-config="true" signature="configBM()[pri:0, instance:com.ninja.crm.campaigns.CreateCampaignsTest@5e2c3d18]" started-at="2025-10-28T15:17:28 IST" name="configBM" finished-at="2025-10-28T15:17:28 IST" duration-ms="299" status="PASS">
          <reporter-output>
            <line>
              <![CDATA[successfully login]]>
            </line>
          </reporter-output>
        </test-method> <!-- configBM -->
        <test-method signature="createCampaignsWithMandatoryFieldsTest()[pri:0, instance:com.ninja.crm.campaigns.CreateCampaignsTest@5e2c3d18]" started-at="2025-10-28T15:17:28 IST" name="createCampaignsWithMandatoryFieldsTest" finished-at="2025-10-28T15:17:29 IST" duration-ms="1262" status="FAIL">
          <exception class="java.lang.AssertionError">
            <message>
              <![CDATA[The following asserts failed:
expected [false] but found [true]]]>
            </message>
            <full-stacktrace>
              <![CDATA[java.lang.AssertionError: The following asserts failed:
expected [false] but found [true]
at org.testng.asserts.SoftAssert.assertAll(SoftAssert.java:46)
at org.testng.asserts.SoftAssert.assertAll(SoftAssert.java:30)
at com.ninja.crm.campaigns.CreateCampaignsTest.createCampaignsWithMandatoryFieldsTest(CreateCampaignsTest.java:60)
at java.base/jdk.internal.reflect.NativeMethodAccessorImpl.invoke0(Native Method)
at java.base/jdk.internal.reflect.NativeMethodAccessorImpl.invoke(NativeMethodAccessorImpl.java:77)
at java.base/jdk.internal.reflect.DelegatingMethodAccessorImpl.invoke(DelegatingMethodAccessorImpl.java:43)
at java.base/java.lang.reflect.Method.invoke(Method.java:568)
at org.testng.internal.invokers.MethodInvocationHelper.invokeMethod(MethodInvocationHelper.java:141)
at org.testng.internal.invokers.TestInvoker.invokeMethod(TestInvoker.java:687)
at org.testng.internal.invokers.TestInvoker.invokeTestMethod(TestInvoker.java:230)
at org.testng.internal.invokers.MethodRunner.runInSequence(MethodRunner.java:63)
at org.testng.internal.invokers.TestInvoker$MethodInvocationAgent.invoke(TestInvoker.java:995)
at org.testng.internal.invokers.TestInvoker.invokeTestMethods(TestInvoker.java:203)
at org.testng.internal.invokers.TestMethodWorker.invokeTestMethods(TestMethodWorker.java:154)
at org.testng.internal.invokers.TestMethodWorker.run(TestMethodWorker.java:134)
at java.base/java.util.ArrayList.forEach(ArrayList.java:1511)
at org.testng.TestRunner.privateRun(TestRunner.java:741)
at org.testng.TestRunner.run(TestRunner.java:616)
at org.testng.SuiteRunner.runTest(SuiteRunner.java:421)
at org.testng.SuiteRunner.runSequentially(SuiteRunner.java:413)
at org.testng.SuiteRunner.privateRun(SuiteRunner.java:373)
at org.testng.SuiteRunner.run(SuiteRunner.java:312)
at org.testng.SuiteRunnerWorker.runSuite(SuiteRunnerWorker.java:52)
at org.testng.SuiteRunnerWorker.run(SuiteRunnerWorker.java:95)
at org.testng.TestNG.runSuitesSequentially(TestNG.java:1274)
at org.testng.TestNG.runSuitesLocally(TestNG.java:1208)
at org.testng.TestNG.runSuites(TestNG.java:1112)
at org.testng.TestNG.run(TestNG.java:1079)
at org.testng.remote.AbstractRemoteTestNG.run(AbstractRemoteTestNG.java:115)
at org.testng.remote.RemoteTestNG.initAndRun(RemoteTestNG.java:293)
at org.testng.remote.RemoteTestNG.main(RemoteTestNG.java:91)
]]>
            </full-stacktrace>
          </exception> <!-- java.lang.AssertionError -->
          <reporter-output>
          </reporter-output>
        </test-method> <!-- createCampaignsWithMandatoryFieldsTest -->
        <test-method is-config="true" signature="configAM()[pri:0, instance:com.ninja.crm.campaigns.CreateCampaignsTest@5e2c3d18]" started-at="2025-10-28T15:17:29 IST" name="configAM" finished-at="2025-10-28T15:17:30 IST" duration-ms="368" status="PASS">
          <reporter-output>
          </reporter-output>
        </test-method> <!-- configAM -->
        <test-method is-config="true" signature="configBM()[pri:0, instance:com.ninja.crm.campaigns.CreateCampaignsTest@5e2c3d18]" started-at="2025-10-28T15:17:30 IST" name="configBM" finished-at="2025-10-28T15:17:30 IST" duration-ms="318" status="PASS">
          <reporter-output>
            <line>
              <![CDATA[successfully login]]>
            </line>
          </reporter-output>
        </test-method> <!-- configBM -->
        <test-method signature="createCampaignsWithStatusTest()[pri:0, instance:com.ninja.crm.campaigns.CreateCampaignsTest@5e2c3d18]" started-at="2025-10-28T15:17:30 IST" name="createCampaignsWithStatusTest" finished-at="2025-10-28T15:17:32 IST" duration-ms="1368" status="PASS">
          <reporter-output>
          </reporter-output>
        </test-method> <!-- createCampaignsWithStatusTest -->
        <test-method is-config="true" signature="configAM()[pri:0, instance:com.ninja.crm.campaigns.CreateCampaignsTest@5e2c3d18]" started-at="2025-10-28T15:17:32 IST" name="configAM" finished-at="2025-10-28T15:17:32 IST" duration-ms="429" status="PASS">
          <reporter-output>
          </reporter-output>
        </test-method> <!-- configAM -->
        <test-method is-config="true" signature="configAC()[pri:0, instance:com.ninja.crm.campaigns.CreateCampaignsTest@5e2c3d18]" started-at="2025-10-28T15:17:32 IST" name="configAC" finished-at="2025-10-28T15:17:32 IST" duration-ms="277" status="PASS">
          <reporter-output>
          </reporter-output>
        </test-method> <!-- configAC -->
      </class> <!-- com.ninja.crm.campaigns.CreateCampaignsTest -->
    </test> <!-- batch execution -->
  </suite> <!-- Suite -->
</testng-results>
