<?xml version="1.0" encoding="UTF-8"?>
<!-- Generated by org.testng.reporters.JUnitReportReporter -->
<testsuite hostname="FFE-Govardhan-Reddy-A" failures="0" tests="1" name="com.ninja.crm.campaigns.CreateCampaignsTest" time="2.217" errors="0" timestamp="2025-11-06T10:16:37 IST" skipped="0">
  <testcase classname="com.ninja.crm.campaigns.CreateCampaignsTest" name="createCampaignsWithMandatoryFieldsTest" time="2.217"/>
  <system-out>
    <![CDATA[successfully connected to Db
precondition 
successfully browser open
successfully login
successfully browser open
successfully login
post-condition 
successfully closed the Db]]>
  </system-out>
</testsuite> <!-- com.ninja.crm.campaigns.CreateCampaignsTest -->
