<?xml version="1.0" encoding="UTF-8"?>
<!-- Generated by org.testng.reporters.JUnitReportReporter -->
<testsuite hostname="FFE-Govardhan-Reddy-A" failures="0" tests="1" name="com.ninja.crm.products.CreateProductTest" time="3.193" errors="0" timestamp="2025-11-06T10:28:56 IST" skipped="0">
  <testcase classname="com.ninja.crm.products.CreateProductTest" name="createProductWithMandatoryfieldTest" time="3.193"/>
  <system-out>
    <![CDATA[successfully connected to Db
precondition 
successfully browser open
successfully login
successfully browser open
successfully login
post-condition 
successfully closed the Db]]>
  </system-out>
</testsuite> <!-- com.ninja.crm.products.CreateProductTest -->
